<?xml version="1.0" encoding="UTF-8"?>
<!-- Generated by org.testng.reporters.JUnitReportReporter -->
<testsuite hostname="home-PC" name="com.firsttechfed.omnichannel.qa.at.ftouchtest.NewTest" tests="1" failures="0" timestamp="5 Sep 2018 17:45:03 GMT" time="71.279" errors="0">
  <testcase name="scenarios" time="71.279" classname="com.firsttechfed.omnichannel.qa.at.ftouchtest.NewTest"/>
</testsuite> <!-- com.firsttechfed.omnichannel.qa.at.ftouchtest.NewTest -->
